<?xml version="1.0" encoding="UTF-8"?>
<testng-results skipped="0" failed="0" ignored="0" total="1" passed="1">
  <reporter-output>
  </reporter-output>
  <suite name="Default suite" duration-ms="8320" started-at="2017-08-20T17:36:40Z" finished-at="2017-08-20T17:36:48Z">
    <groups>
    </groups>
    <test name="Default test" duration-ms="8320" started-at="2017-08-20T17:36:40Z" finished-at="2017-08-20T17:36:48Z">
      <class name="com.fafiner.test.smoke.TestLoginUS13">
        <test-method status="PASS" signature="preTest()[pri:0, instance:com.fafiner.test.smoke.TestLoginUS13@68be2bc2]" name="preTest" is-config="true" duration-ms="6750" started-at="2017-08-20T23:06:40Z" finished-at="2017-08-20T23:06:47Z">
          <reporter-output>
          </reporter-output>
        </test-method> <!-- preTest -->
        <test-method status="PASS" signature="testLoginErrorTC102()[pri:0, instance:com.fafiner.test.smoke.TestLoginUS13@68be2bc2]" name="testLoginErrorTC102" duration-ms="1536" started-at="2017-08-20T23:06:47Z" finished-at="2017-08-20T23:06:48Z">
          <reporter-output>
          </reporter-output>
        </test-method> <!-- testLoginErrorTC102 -->
        <test-method status="PASS" signature="postTest()[pri:0, instance:com.fafiner.test.smoke.TestLoginUS13@68be2bc2]" name="postTest" is-config="true" duration-ms="12" started-at="2017-08-20T23:06:48Z" finished-at="2017-08-20T23:06:48Z">
          <reporter-output>
          </reporter-output>
        </test-method> <!-- postTest -->
      </class> <!-- com.fafiner.test.smoke.TestLoginUS13 -->
    </test> <!-- Default test -->
  </suite> <!-- Default suite -->
</testng-results>
